
--- Module:   C:\qp_lab\qpcpp\src\qf\qep_hsm.cpp (C++)
--- Module Wrap-up

--- Module:   C:\qp_lab\qpcpp\src\qf\qep_msm.cpp (C++)
--- Module Wrap-up

--- Module:   C:\qp_lab\qpcpp\src\qf\qf_act.cpp (C++)
--- Module Wrap-up

--- Module:   C:\qp_lab\qpcpp\src\qf\qf_actq.cpp (C++)
--- Module Wrap-up

--- Module:   C:\qp_lab\qpcpp\src\qf\qf_defer.cpp (C++)
--- Module Wrap-up

--- Module:   C:\qp_lab\qpcpp\src\qf\qf_dyn.cpp (C++)
--- Module Wrap-up

--- Module:   C:\qp_lab\qpcpp\src\qf\qf_mem.cpp (C++)
--- Module Wrap-up

--- Module:   C:\qp_lab\qpcpp\src\qf\qf_ps.cpp (C++)
--- Module Wrap-up

--- Module:   C:\qp_lab\qpcpp\src\qf\qf_qact.cpp (C++)
--- Module Wrap-up

--- Module:   C:\qp_lab\qpcpp\src\qf\qf_qeq.cpp (C++)
--- Module Wrap-up

--- Module:   C:\qp_lab\qpcpp\src\qf\qf_qmact.cpp (C++)
--- Module Wrap-up

--- Module:   C:\qp_lab\qpcpp\src\qf\qf_time.cpp (C++)
--- Module Wrap-up
Count   Type    Number  Text

