This file contains any messages produced by compilers while
running configure, to aid debugging if configure makes a mistake.

It was created by udp configure 1.0.11, which was
generated by GNU Autoconf 2.69.  Invocation command line was

  $ ./configure --with-tcl=/usr/lib/

## --------- ##
## Platform. ##
## --------- ##

hostname = localhost.localdomain
uname -m = x86_64
uname -r = 4.0.4-301.fc22.x86_64
uname -s = Linux
uname -v = #1 SMP Thu May 21 13:10:33 UTC 2015

/usr/bin/uname -p = x86_64
/bin/uname -X     = unknown

/bin/arch              = x86_64
/usr/bin/arch -k       = unknown
/usr/convex/getsysinfo = unknown
/usr/bin/hostinfo      = unknown
/bin/machine           = unknown
/usr/bin/oslevel       = unknown
/bin/universe          = unknown

PATH: /usr/lib64/ccache
PATH: /usr/local/bin
PATH: /usr/local/sbin
PATH: /usr/bin
PATH: /usr/sbin
PATH: /bin
PATH: /sbin
PATH: /home/owner/.local/bin
PATH: /home/owner/bin


## ----------- ##
## Core tests. ##
## ----------- ##

configure:2181: checking for correct TEA configuration
configure:2194: result: ok (TEA 3.9)
configure:2277: configuring udp 1.0.11
configure:2346: checking for Tcl configuration
configure:2366: error: /usr/lib/ directory doesn't contain tclConfig.sh

## ---------------- ##
## Cache variables. ##
## ---------------- ##

ac_cv_env_CC_set=
ac_cv_env_CC_value=
ac_cv_env_CFLAGS_set=
ac_cv_env_CFLAGS_value=
ac_cv_env_CPPFLAGS_set=
ac_cv_env_CPPFLAGS_value=
ac_cv_env_CPP_set=
ac_cv_env_CPP_value=
ac_cv_env_LDFLAGS_set=
ac_cv_env_LDFLAGS_value=
ac_cv_env_LIBS_set=
ac_cv_env_LIBS_value=
ac_cv_env_build_alias_set=
ac_cv_env_build_alias_value=
ac_cv_env_host_alias_set=
ac_cv_env_host_alias_value=
ac_cv_env_target_alias_set=
ac_cv_env_target_alias_value=

## ----------------- ##
## Output variables. ##
## ----------------- ##

AR=''
CC=''
CELIB_DIR=''
CFLAGS=''
CFLAGS_DEBUG=''
CFLAGS_DEFAULT=''
CFLAGS_OPTIMIZE=''
CFLAGS_WARNING=''
CLEANFILES=''
CPP=''
CPPFLAGS=''
CYGPATH='echo'
DEFS=''
DTPLITE=''
ECHO_C=''
ECHO_N='-n'
ECHO_T=''
EGREP=''
EXEEXT=''
GREP=''
INSTALL=''
INSTALL_DATA=''
INSTALL_PROGRAM=''
INSTALL_SCRIPT=''
LDFLAGS=''
LDFLAGS_DEFAULT=''
LD_LIBRARY_PATH_VAR=''
LIBOBJS=''
LIBS=''
LTLIBOBJS=''
MAKE_LIB=''
MAKE_SHARED_LIB=''
MAKE_STATIC_LIB=''
MAKE_STUB_LIB=''
MATH_LIBS=''
OBJEXT=''
PACKAGE_BUGREPORT=''
PACKAGE_NAME='udp'
PACKAGE_STRING='udp 1.0.11'
PACKAGE_TARNAME='udp'
PACKAGE_URL=''
PACKAGE_VERSION='1.0.11'
PATH_SEPARATOR=':'
PKG_CFLAGS=''
PKG_HEADERS=''
PKG_INCLUDES=''
PKG_LIBS=''
PKG_LIB_FILE=''
PKG_OBJECTS=''
PKG_SOURCES=''
PKG_STUB_LIB_FILE=''
PKG_STUB_OBJECTS=''
PKG_STUB_SOURCES=''
PKG_TCL_SOURCES=''
RANLIB=''
RANLIB_STUB=''
RC=''
SET_MAKE=''
SHARED_BUILD=''
SHELL='/bin/sh'
SHLIB_CFLAGS=''
SHLIB_LD=''
SHLIB_LD_LIBS=''
STLIB_LD=''
TCLSH_PROG=''
TCL_BIN_DIR=''
TCL_DBGX=''
TCL_DEFS=''
TCL_EXTRA_CFLAGS=''
TCL_INCLUDES=''
TCL_LD_FLAGS=''
TCL_LIBS=''
TCL_LIB_FILE=''
TCL_LIB_FLAG=''
TCL_LIB_SPEC=''
TCL_PATCH_LEVEL=''
TCL_SHLIB_LD_LIBS=''
TCL_SRC_DIR=''
TCL_STUB_LIB_FILE=''
TCL_STUB_LIB_FLAG=''
TCL_STUB_LIB_SPEC=''
TCL_THREADS=''
TCL_VERSION=''
VC_MANIFEST_EMBED_DLL=''
VC_MANIFEST_EMBED_EXE=''
ac_ct_CC=''
bindir='${exec_prefix}/bin'
build_alias=''
datadir='${datarootdir}'
datarootdir='${prefix}/share'
docdir='${datarootdir}/doc/${PACKAGE_TARNAME}'
dvidir='${docdir}'
exec_prefix='NONE'
host_alias=''
htmldir='${docdir}'
includedir='${prefix}/include'
infodir='${datarootdir}/info'
libdir='${exec_prefix}/lib'
libexecdir='${exec_prefix}/libexec'
localedir='${datarootdir}/locale'
localstatedir='${prefix}/var'
mandir='${datarootdir}/man'
oldincludedir='/usr/include'
pdfdir='${docdir}'
prefix='NONE'
program_transform_name='s,x,x,'
psdir='${docdir}'
sbindir='${exec_prefix}/sbin'
sharedstatedir='${prefix}/com'
sysconfdir='${prefix}/etc'
target_alias=''

## ----------- ##
## confdefs.h. ##
## ----------- ##

/* confdefs.h */
#define PACKAGE_NAME "udp"
#define PACKAGE_TARNAME "udp"
#define PACKAGE_VERSION "1.0.11"
#define PACKAGE_STRING "udp 1.0.11"
#define PACKAGE_BUGREPORT ""
#define PACKAGE_URL ""

configure: exit 1
